<?xml version="1.0" encoding="UTF-8"?>
<!-- Generated by org.testng.reporters.JUnitReportReporter -->
<testsuite hostname="Dell-PC" failures="0" tests="4" name="hotelbookingtests.BookingTests" time="14.735" errors="0" timestamp="2022-07-10T14:41:38 IST" skipped="0">
  <testcase classname="hotelbookingtests.BookingTests" name="generatetoken" time="4.604"/>
  <system-out/>
  <testcase classname="hotelbookingtests.BookingTests" name="postbooking" time="4.865"/>
  <system-out/>
  <testcase classname="hotelbookingtests.BookingTests" name="partialUpdateBooking" time="2.799"/>
  <system-out/>
  <testcase classname="hotelbookingtests.BookingTests" name="deleteBooking" time="2.467"/>
  <system-out/>
</testsuite> <!-- hotelbookingtests.BookingTests -->
