<?xml version="1.0" encoding="UTF-8"?>
<!-- Generated by org.testng.reporters.JUnitReportReporter -->
<testsuite hostname="Dell-PC" failures="0" tests="4" name="BookingTests" time="13.073" errors="0" timestamp="2022-07-10T14:37:35 IST" skipped="0">
  <testcase classname="BookingTests" name="generatetoken" time="4.637"/>
  <system-out/>
  <testcase classname="BookingTests" name="postbooking" time="3.489"/>
  <system-out/>
  <testcase classname="BookingTests" name="partialUpdateBooking" time="2.342"/>
  <system-out/>
  <testcase classname="BookingTests" name="deleteBooking" time="2.605"/>
  <system-out/>
</testsuite> <!-- BookingTests -->
