<?xml version="1.0" encoding="UTF-8"?>
<!-- Generated by org.testng.reporters.JUnitReportReporter -->
<testsuite hostname="Dell-PC" failures="0" tests="3" name="hotelbookingtests.BookingTests" time="8.307" errors="0" timestamp="2022-07-10T22:48:34 IST" skipped="0">
  <testcase classname="hotelbookingtests.BookingTests" name="postbooking" time="2.998"/>
  <system-out/>
  <testcase classname="hotelbookingtests.BookingTests" name="partialUpdateBooking" time="2.352"/>
  <system-out/>
  <testcase classname="hotelbookingtests.BookingTests" name="deleteBooking" time="2.957"/>
  <system-out/>
</testsuite> <!-- hotelbookingtests.BookingTests -->
